ndp78@swindale:~/git/DIS_code_release$ source ~/temp/DIScode/tfenv/bin/activate
(tfenv) ndp78@swindale:~/git/DIS_code_release$ unset PYTHONPATH
(tfenv) ndp78@swindale:~/git/DIS_code_release$ python3 Lorenz_example2.py 
/home/ndp78/temp/DIScode/tfenv/lib/python3.6/site-packages/tensorflow/python/framework/dtypes.py:526: FutureWarning: Passing (type, 1) or '1type' as a synonym of type is deprecated; in a future version of numpy, it will be understood as (type, (1,)) / '(1,)type'.
  _np_qint8 = np.dtype([("qint8", np.int8, 1)])
/home/ndp78/temp/DIScode/tfenv/lib/python3.6/site-packages/tensorflow/python/framework/dtypes.py:527: FutureWarning: Passing (type, 1) or '1type' as a synonym of type is deprecated; in a future version of numpy, it will be understood as (type, (1,)) / '(1,)type'.
  _np_quint8 = np.dtype([("quint8", np.uint8, 1)])
/home/ndp78/temp/DIScode/tfenv/lib/python3.6/site-packages/tensorflow/python/framework/dtypes.py:528: FutureWarning: Passing (type, 1) or '1type' as a synonym of type is deprecated; in a future version of numpy, it will be understood as (type, (1,)) / '(1,)type'.
  _np_qint16 = np.dtype([("qint16", np.int16, 1)])
/home/ndp78/temp/DIScode/tfenv/lib/python3.6/site-packages/tensorflow/python/framework/dtypes.py:529: FutureWarning: Passing (type, 1) or '1type' as a synonym of type is deprecated; in a future version of numpy, it will be understood as (type, (1,)) / '(1,)type'.
  _np_quint16 = np.dtype([("quint16", np.uint16, 1)])
/home/ndp78/temp/DIScode/tfenv/lib/python3.6/site-packages/tensorflow/python/framework/dtypes.py:530: FutureWarning: Passing (type, 1) or '1type' as a synonym of type is deprecated; in a future version of numpy, it will be understood as (type, (1,)) / '(1,)type'.
  _np_qint32 = np.dtype([("qint32", np.int32, 1)])
/home/ndp78/temp/DIScode/tfenv/lib/python3.6/site-packages/tensorflow/python/framework/dtypes.py:535: FutureWarning: Passing (type, 1) or '1type' as a synonym of type is deprecated; in a future version of numpy, it will be understood as (type, (1,)) / '(1,)type'.
  np_resource = np.dtype([("resource", np.ubyte, 1)])

WARNING: The TensorFlow contrib module will not be included in TensorFlow 2.0.
For more information, please see:
  * https://github.com/tensorflow/community/blob/master/rfcs/20180907-contrib-sunset.md
  * https://github.com/tensorflow/addons
If you depend on functionality not listed there, please file an issue.

2020-01-17 11:06:02.096225: I tensorflow/core/platform/cpu_feature_guard.cc:141] Your CPU supports instructions that this TensorFlow binary was not compiled to use: AVX2 FMA
2020-01-17 11:06:02.117655: I tensorflow/core/platform/profile_utils/cpu_utils.cc:94] CPU Frequency: 3192000000 Hz
2020-01-17 11:06:02.118845: I tensorflow/compiler/xla/service/service.cc:150] XLA service 0x39145c0 executing computations on platform Host. Devices:
2020-01-17 11:06:02.118864: I tensorflow/compiler/xla/service/service.cc:158]   StreamExecutor device (0): <undefined>, <undefined>
WARNING:tensorflow:From /home/ndp78/git/DIS_code_release/SDE.py:368: dense (from tensorflow.python.layers.core) is deprecated and will be removed in a future version.
Instructions for updating:
Use keras.layers.dense instead.
/home/ndp78/git/DIS_code_release/SDE.py:250: RuntimeWarning: invalid value encountered in less
  keep = np.where(max_abs_x < self.cap_x)[0]
2020-01-17 11:06:06.283295: W tensorflow/core/framework/allocator.cc:124] Allocation of 1464416000 exceeds 10% of system memory.
2020-01-17 11:06:06.419704: W tensorflow/core/framework/allocator.cc:124] Allocation of 1464416000 exceeds 10% of system memory.
2020-01-17 11:06:06.591541: W tensorflow/core/framework/allocator.cc:124] Allocation of 1464416000 exceeds 10% of system memory.
2020-01-17 11:06:06.796378: W tensorflow/core/framework/allocator.cc:124] Allocation of 1464416000 exceeds 10% of system memory.
2020-01-17 11:06:07.096946: W tensorflow/core/framework/allocator.cc:124] Allocation of 1464416000 exceeds 10% of system memory.
WARNING:tensorflow:From /home/ndp78/temp/DIScode/tfenv/lib/python3.6/site-packages/tensorflow/python/ops/math_grad.py:80: colocate_with (from tensorflow.python.framework.ops) is deprecated and will be removed in a future version.
Instructions for updating:
Colocations handled automatically by placer.
WARNING:tensorflow:From /home/ndp78/temp/DIScode/tfenv/lib/python3.6/site-packages/tensorflow/python/ops/array_grad.py:425: to_int32 (from tensorflow.python.ops.math_ops) is deprecated and will be removed in a future version.
Instructions for updating:
Use tf.cast instead.
Iteration  1, epsilon 1.000, ESS 2500.0 elapsed mins 0.5
nans or infs in sample or density!
Iteration  2, epsilon 1.000, ESS 2500.0 elapsed mins 1.0
nans or infs in sample or density!
Iteration  3, epsilon 1.000, ESS 2500.0 elapsed mins 1.4
Iteration  4, epsilon 1.000, ESS 2500.0 elapsed mins 1.9
Iteration  5, epsilon 1.000, ESS 2500.0 elapsed mins 2.4
nans or infs in sample or density!
Iteration  6, epsilon 1.000, ESS 2269.8 elapsed mins 2.9
Iteration  7, epsilon 1.000, ESS 2500.0 elapsed mins 3.4
Iteration  8, epsilon 1.000, ESS 2406.6 elapsed mins 3.9
Iteration  9, epsilon 1.000, ESS 2500.0 elapsed mins 4.3
Iteration 10, epsilon 1.000, ESS 2500.0 elapsed mins 4.8
Iteration 11, epsilon 1.000, ESS 1839.6 elapsed mins 5.3
nans or infs in sample or density!
Iteration 12, epsilon 1.000, ESS 2444.7 elapsed mins 5.8
Iteration 13, epsilon 1.000, ESS 2500.0 elapsed mins 6.3
Iteration 14, epsilon 1.000, ESS 2500.0 elapsed mins 6.8
Iteration 15, epsilon 1.000, ESS 2500.0 elapsed mins 7.2
Iteration 16, epsilon 1.000, ESS 2500.0 elapsed mins 7.7
nans or infs in sample or density!
Iteration 17, epsilon 1.000, ESS 2500.0 elapsed mins 8.2
Iteration 18, epsilon 1.000, ESS 2500.0 elapsed mins 8.7
Iteration 19, epsilon 1.000, ESS 2500.0 elapsed mins 9.2
Iteration 20, epsilon 1.000, ESS 425.6 elapsed mins 9.6
Iteration 21, epsilon 1.000, ESS 2226.3 elapsed mins 10.1
nans or infs in sample or density!
Iteration 22, epsilon 1.000, ESS 1538.7 elapsed mins 10.6
Iteration 23, epsilon 1.000, ESS 2500.0 elapsed mins 11.1
Iteration 24, epsilon 1.000, ESS 1720.5 elapsed mins 11.6
Iteration 25, epsilon 0.999, ESS 2500.0 elapsed mins 12.1
Iteration 26, epsilon 0.999, ESS 1690.2 elapsed mins 12.5
Iteration 27, epsilon 0.999, ESS 1940.7 elapsed mins 13.0
Iteration 28, epsilon 0.999, ESS 2500.0 elapsed mins 13.5
Iteration 29, epsilon 0.999, ESS 2500.0 elapsed mins 14.0
Iteration 30, epsilon 0.997, ESS 2500.0 elapsed mins 14.5
Iteration 31, epsilon 0.997, ESS 2500.0 elapsed mins 15.0
Iteration 32, epsilon 0.997, ESS 2500.0 elapsed mins 15.4
Iteration 33, epsilon 0.996, ESS 2500.0 elapsed mins 15.9
Iteration 34, epsilon 0.994, ESS 2500.0 elapsed mins 16.4
Iteration 35, epsilon 0.994, ESS 2244.8 elapsed mins 16.9
Iteration 36, epsilon 0.994, ESS 2004.1 elapsed mins 17.4
Iteration 37, epsilon 0.994, ESS 2289.1 elapsed mins 17.9
Iteration 38, epsilon 0.994, ESS 2500.0 elapsed mins 18.3
Iteration 39, epsilon 0.994, ESS 2428.7 elapsed mins 18.8
Iteration 40, epsilon 0.991, ESS 2500.0 elapsed mins 19.3
Iteration 41, epsilon 0.991, ESS 1139.5 elapsed mins 19.8
Iteration 42, epsilon 0.988, ESS 2500.0 elapsed mins 20.3
Iteration 43, epsilon 0.988, ESS 2099.8 elapsed mins 20.8
Iteration 44, epsilon 0.988, ESS 1901.0 elapsed mins 21.3
Iteration 45, epsilon 0.988, ESS 1922.0 elapsed mins 21.8
Iteration 46, epsilon 0.988, ESS 1964.2 elapsed mins 22.3
Iteration 47, epsilon 0.988, ESS 2270.8 elapsed mins 22.8
Iteration 48, epsilon 0.988, ESS 1479.6 elapsed mins 23.3
Iteration 49, epsilon 0.988, ESS 2318.2 elapsed mins 23.8
Iteration 50, epsilon 0.987, ESS 2500.0 elapsed mins 24.3
Iteration 51, epsilon 0.985, ESS 2500.0 elapsed mins 24.7
Iteration 52, epsilon 0.985, ESS 950.7 elapsed mins 25.2
Iteration 53, epsilon 0.985, ESS 2024.4 elapsed mins 25.7
Iteration 54, epsilon 0.983, ESS 2500.0 elapsed mins 26.2
Iteration 55, epsilon 0.983, ESS 448.1 elapsed mins 26.7
Iteration 56, epsilon 0.983, ESS 2258.9 elapsed mins 27.2
Iteration 57, epsilon 0.983, ESS 1845.0 elapsed mins 27.6
Iteration 58, epsilon 0.983, ESS 1079.4 elapsed mins 28.1
Iteration 59, epsilon 0.979, ESS 2500.0 elapsed mins 28.6
Iteration 60, epsilon 0.979, ESS 1467.3 elapsed mins 29.1
Iteration 61, epsilon 0.979, ESS 1737.6 elapsed mins 29.6
Iteration 62, epsilon 0.979, ESS 736.1 elapsed mins 30.1
Iteration 63, epsilon 0.979, ESS 2345.2 elapsed mins 30.5
Iteration 64, epsilon 0.979, ESS 1680.5 elapsed mins 31.0
Iteration 65, epsilon 0.979, ESS 2042.5 elapsed mins 31.5
Iteration 66, epsilon 0.979, ESS 953.9 elapsed mins 32.0
Iteration 67, epsilon 0.978, ESS 2500.0 elapsed mins 32.5
Iteration 68, epsilon 0.978, ESS 414.7 elapsed mins 33.0
Iteration 69, epsilon 0.978, ESS 1509.9 elapsed mins 33.5
Iteration 70, epsilon 0.978, ESS 2500.0 elapsed mins 34.0
Iteration 71, epsilon 0.978, ESS 1492.6 elapsed mins 34.5
Iteration 72, epsilon 0.978, ESS 1580.8 elapsed mins 35.0
Iteration 73, epsilon 0.977, ESS 2500.0 elapsed mins 35.5
Iteration 74, epsilon 0.977, ESS 1297.2 elapsed mins 36.0
Iteration 75, epsilon 0.976, ESS 2500.0 elapsed mins 36.5
Iteration 76, epsilon 0.976, ESS 1684.9 elapsed mins 37.0
Iteration 77, epsilon 0.976, ESS 1177.0 elapsed mins 37.5
Iteration 78, epsilon 0.976, ESS 2392.6 elapsed mins 38.0
Iteration 79, epsilon 0.976, ESS 783.8 elapsed mins 38.5
Iteration 80, epsilon 0.976, ESS 507.8 elapsed mins 39.0
Iteration 81, epsilon 0.976, ESS 2088.2 elapsed mins 39.5
Iteration 82, epsilon 0.973, ESS 2500.0 elapsed mins 39.9
Iteration 83, epsilon 0.973, ESS 732.4 elapsed mins 40.4
Iteration 84, epsilon 0.973, ESS 1317.0 elapsed mins 40.9
Iteration 85, epsilon 0.973, ESS 2032.7 elapsed mins 41.4
Iteration 86, epsilon 0.973, ESS 1808.8 elapsed mins 41.9
Iteration 87, epsilon 0.973, ESS 2500.0 elapsed mins 42.4
Iteration 88, epsilon 0.973, ESS 2059.6 elapsed mins 42.9
Iteration 89, epsilon 0.973, ESS 2366.8 elapsed mins 43.4
Iteration 90, epsilon 0.973, ESS 1019.0 elapsed mins 43.8
Iteration 91, epsilon 0.973, ESS 2122.5 elapsed mins 44.3
Iteration 92, epsilon 0.972, ESS 2500.0 elapsed mins 44.8
Iteration 93, epsilon 0.972, ESS 2052.1 elapsed mins 45.3
Iteration 94, epsilon 0.972, ESS 1969.2 elapsed mins 45.8
Iteration 95, epsilon 0.972, ESS 283.6 elapsed mins 46.3
Iteration 96, epsilon 0.972, ESS 2125.5 elapsed mins 46.7
Iteration 97, epsilon 0.972, ESS 1727.6 elapsed mins 47.2
Iteration 98, epsilon 0.972, ESS 2343.6 elapsed mins 47.7
Iteration 99, epsilon 0.972, ESS 2073.6 elapsed mins 48.2
Iteration 100, epsilon 0.971, ESS 2500.0 elapsed mins 48.7
Elapsed time (mins) 48.7
Iteration 101, epsilon 0.971, ESS 1482.3 elapsed mins 49.2
Iteration 102, epsilon 0.971, ESS 2106.4 elapsed mins 49.7
Iteration 103, epsilon 0.971, ESS 2113.9 elapsed mins 50.2
Iteration 104, epsilon 0.970, ESS 2500.0 elapsed mins 50.7
Iteration 105, epsilon 0.970, ESS 1626.5 elapsed mins 51.1
Iteration 106, epsilon 0.970, ESS 1877.7 elapsed mins 51.6
Iteration 107, epsilon 0.967, ESS 2500.0 elapsed mins 52.1
Iteration 108, epsilon 0.967, ESS 351.6 elapsed mins 52.6
Iteration 109, epsilon 0.967, ESS 584.3 elapsed mins 53.1
Iteration 110, epsilon 0.967, ESS 2500.0 elapsed mins 53.6
Iteration 111, epsilon 0.967, ESS 1337.6 elapsed mins 54.0
Iteration 112, epsilon 0.967, ESS 1651.6 elapsed mins 54.5
Iteration 113, epsilon 0.967, ESS 1631.5 elapsed mins 55.0
Iteration 114, epsilon 0.963, ESS 2500.0 elapsed mins 55.5
Iteration 115, epsilon 0.963, ESS 1202.0 elapsed mins 56.0
Iteration 116, epsilon 0.963, ESS 1604.9 elapsed mins 56.5
Iteration 117, epsilon 0.963, ESS 909.2 elapsed mins 57.0
Iteration 118, epsilon 0.963, ESS 1694.8 elapsed mins 57.4
Iteration 119, epsilon 0.963, ESS 1938.5 elapsed mins 57.9
Iteration 120, epsilon 0.963, ESS 741.2 elapsed mins 58.4
Iteration 121, epsilon 0.963, ESS 1204.9 elapsed mins 58.9
Iteration 122, epsilon 0.963, ESS 2087.6 elapsed mins 59.4
Iteration 123, epsilon 0.963, ESS 1915.7 elapsed mins 59.9
Iteration 124, epsilon 0.963, ESS 1743.2 elapsed mins 60.4
Iteration 125, epsilon 0.963, ESS 1673.8 elapsed mins 60.8
Iteration 126, epsilon 0.962, ESS 2500.0 elapsed mins 61.3
Iteration 127, epsilon 0.962, ESS 636.2 elapsed mins 61.8
Iteration 128, epsilon 0.962, ESS 1648.6 elapsed mins 62.3
Iteration 129, epsilon 0.962, ESS 991.8 elapsed mins 62.8
Iteration 130, epsilon 0.960, ESS 2500.0 elapsed mins 63.3
Iteration 131, epsilon 0.960, ESS 652.2 elapsed mins 63.7
Iteration 132, epsilon 0.960, ESS 1780.5 elapsed mins 64.2
Iteration 133, epsilon 0.960, ESS 1390.1 elapsed mins 64.7
Iteration 134, epsilon 0.960, ESS 1974.1 elapsed mins 65.2
Iteration 135, epsilon 0.960, ESS 1680.8 elapsed mins 65.7
Iteration 136, epsilon 0.960, ESS 2100.7 elapsed mins 66.2
Iteration 137, epsilon 0.960, ESS 1381.3 elapsed mins 66.7
Iteration 138, epsilon 0.956, ESS 2500.0 elapsed mins 67.1
Iteration 139, epsilon 0.956, ESS 512.7 elapsed mins 67.6
Iteration 140, epsilon 0.956, ESS 1924.8 elapsed mins 68.1
Iteration 141, epsilon 0.956, ESS 1480.1 elapsed mins 68.6
Iteration 142, epsilon 0.956, ESS 925.3 elapsed mins 69.1
Iteration 143, epsilon 0.956, ESS 1038.0 elapsed mins 69.6
Iteration 144, epsilon 0.956, ESS 1040.6 elapsed mins 70.0
Iteration 145, epsilon 0.956, ESS 1719.5 elapsed mins 70.5
Iteration 146, epsilon 0.956, ESS 2162.4 elapsed mins 71.0
Iteration 147, epsilon 0.956, ESS 1373.1 elapsed mins 71.5
Iteration 148, epsilon 0.956, ESS 925.1 elapsed mins 72.0
Iteration 149, epsilon 0.952, ESS 2500.0 elapsed mins 72.5
Iteration 150, epsilon 0.952, ESS 314.5 elapsed mins 73.0
Iteration 151, epsilon 0.952, ESS 1054.5 elapsed mins 73.4
Iteration 152, epsilon 0.952, ESS 2390.1 elapsed mins 73.9
Iteration 153, epsilon 0.952, ESS 1383.6 elapsed mins 74.4
Iteration 154, epsilon 0.952, ESS 350.9 elapsed mins 74.9
Iteration 155, epsilon 0.952, ESS 1163.8 elapsed mins 75.4
Iteration 156, epsilon 0.952, ESS 1986.6 elapsed mins 75.9
Iteration 157, epsilon 0.952, ESS 2056.1 elapsed mins 76.4
Iteration 158, epsilon 0.952, ESS 1628.8 elapsed mins 76.8
Iteration 159, epsilon 0.949, ESS 2500.0 elapsed mins 77.3
Iteration 160, epsilon 0.949, ESS 1169.5 elapsed mins 77.8
Iteration 161, epsilon 0.949, ESS 1122.9 elapsed mins 78.3
Iteration 162, epsilon 0.949, ESS 1934.0 elapsed mins 78.8
Iteration 163, epsilon 0.949, ESS 647.2 elapsed mins 79.3
Iteration 164, epsilon 0.949, ESS 1450.1 elapsed mins 79.7
Iteration 165, epsilon 0.949, ESS 1075.6 elapsed mins 80.2
Iteration 166, epsilon 0.949, ESS 1444.7 elapsed mins 80.7
Iteration 167, epsilon 0.949, ESS 1391.3 elapsed mins 81.2
Iteration 168, epsilon 0.947, ESS 2500.0 elapsed mins 81.7
Iteration 169, epsilon 0.947, ESS 1594.9 elapsed mins 82.2
Iteration 170, epsilon 0.947, ESS 2438.9 elapsed mins 82.7
Iteration 171, epsilon 0.947, ESS 745.2 elapsed mins 83.2
Iteration 172, epsilon 0.947, ESS 1139.9 elapsed mins 83.6
Iteration 173, epsilon 0.947, ESS 2032.1 elapsed mins 84.1
Iteration 174, epsilon 0.947, ESS 1191.6 elapsed mins 84.6
Iteration 175, epsilon 0.947, ESS 1750.0 elapsed mins 85.1
Iteration 176, epsilon 0.947, ESS 1787.6 elapsed mins 85.6
Iteration 177, epsilon 0.947, ESS 979.5 elapsed mins 86.1
Iteration 178, epsilon 0.947, ESS 1741.6 elapsed mins 86.6
Iteration 179, epsilon 0.947, ESS 1281.5 elapsed mins 87.0
Iteration 180, epsilon 0.947, ESS 2180.6 elapsed mins 87.5
Iteration 181, epsilon 0.947, ESS 916.8 elapsed mins 88.0
Iteration 182, epsilon 0.947, ESS 2137.0 elapsed mins 88.5
Iteration 183, epsilon 0.947, ESS 599.1 elapsed mins 89.0
Iteration 184, epsilon 0.947, ESS 1022.9 elapsed mins 89.5
Iteration 185, epsilon 0.947, ESS 1838.4 elapsed mins 90.0
Iteration 186, epsilon 0.947, ESS 1625.0 elapsed mins 90.4
Iteration 187, epsilon 0.947, ESS 1690.6 elapsed mins 90.9
Iteration 188, epsilon 0.947, ESS 967.5 elapsed mins 91.4
Iteration 189, epsilon 0.947, ESS 980.5 elapsed mins 91.9
Iteration 190, epsilon 0.947, ESS 1110.3 elapsed mins 92.4
Iteration 191, epsilon 0.940, ESS 2500.0 elapsed mins 92.9
Iteration 192, epsilon 0.940, ESS 551.3 elapsed mins 93.4
Iteration 193, epsilon 0.940, ESS 1650.9 elapsed mins 93.8
Iteration 194, epsilon 0.940, ESS 1461.4 elapsed mins 94.3
nans or infs in sample or density!
Iteration 195, epsilon 0.940, ESS 1936.2 elapsed mins 94.8
Iteration 196, epsilon 0.940, ESS 905.1 elapsed mins 95.3
Iteration 197, epsilon 0.940, ESS 1853.8 elapsed mins 95.8
Iteration 198, epsilon 0.940, ESS 2016.0 elapsed mins 96.3
Iteration 199, epsilon 0.940, ESS 457.4 elapsed mins 96.8
Iteration 200, epsilon 0.940, ESS 1939.6 elapsed mins 97.2
Elapsed time (mins) 97.2
Iteration 201, epsilon 0.940, ESS 752.3 elapsed mins 97.8
Iteration 202, epsilon 0.940, ESS 1893.9 elapsed mins 98.3
Iteration 203, epsilon 0.940, ESS 1051.1 elapsed mins 98.7
Iteration 204, epsilon 0.940, ESS 1566.9 elapsed mins 99.2
Iteration 205, epsilon 0.940, ESS 2343.3 elapsed mins 99.7
Iteration 206, epsilon 0.940, ESS 505.4 elapsed mins 100.2
Iteration 207, epsilon 0.940, ESS 1691.4 elapsed mins 100.7
Iteration 208, epsilon 0.940, ESS 1679.1 elapsed mins 101.2
Iteration 209, epsilon 0.940, ESS 1558.1 elapsed mins 101.7
Iteration 210, epsilon 0.940, ESS 2176.4 elapsed mins 102.1
Iteration 211, epsilon 0.940, ESS 660.4 elapsed mins 102.6
Iteration 212, epsilon 0.940, ESS 1047.7 elapsed mins 103.1
Iteration 213, epsilon 0.940, ESS 1885.5 elapsed mins 103.6
Iteration 214, epsilon 0.940, ESS 1545.3 elapsed mins 104.1
Iteration 215, epsilon 0.939, ESS 2500.0 elapsed mins 104.6
Iteration 216, epsilon 0.939, ESS 1176.3 elapsed mins 105.0
Iteration 217, epsilon 0.939, ESS 1191.8 elapsed mins 105.5
Iteration 218, epsilon 0.939, ESS 1636.0 elapsed mins 106.0
Iteration 219, epsilon 0.939, ESS 2274.8 elapsed mins 106.5
Iteration 220, epsilon 0.939, ESS 1927.5 elapsed mins 107.0
Iteration 221, epsilon 0.939, ESS 800.5 elapsed mins 107.5
Iteration 222, epsilon 0.939, ESS 1652.8 elapsed mins 108.0
Iteration 223, epsilon 0.934, ESS 2500.0 elapsed mins 108.4
Iteration 224, epsilon 0.934, ESS 642.4 elapsed mins 108.9
Iteration 225, epsilon 0.934, ESS 2001.5 elapsed mins 109.4
Iteration 226, epsilon 0.934, ESS 1465.1 elapsed mins 109.9
Iteration 227, epsilon 0.934, ESS 1574.2 elapsed mins 110.4
Iteration 228, epsilon 0.934, ESS 650.9 elapsed mins 110.9
Iteration 229, epsilon 0.934, ESS 2377.2 elapsed mins 111.4
Iteration 230, epsilon 0.934, ESS 854.7 elapsed mins 111.8
Iteration 231, epsilon 0.934, ESS 2145.9 elapsed mins 112.3
Iteration 232, epsilon 0.934, ESS 1834.9 elapsed mins 112.8
Iteration 233, epsilon 0.934, ESS 1617.1 elapsed mins 113.3
Iteration 234, epsilon 0.934, ESS 1587.2 elapsed mins 113.8
Iteration 235, epsilon 0.934, ESS 1677.2 elapsed mins 114.3
Iteration 236, epsilon 0.934, ESS 2303.7 elapsed mins 114.8
Iteration 237, epsilon 0.934, ESS 1518.3 elapsed mins 115.2
Iteration 238, epsilon 0.934, ESS 661.9 elapsed mins 115.7
Iteration 239, epsilon 0.934, ESS 1973.6 elapsed mins 116.2
Iteration 240, epsilon 0.934, ESS 2375.2 elapsed mins 116.7
Iteration 241, epsilon 0.934, ESS 411.0 elapsed mins 117.2
Iteration 242, epsilon 0.934, ESS 1484.0 elapsed mins 117.7
Iteration 243, epsilon 0.933, ESS 2500.0 elapsed mins 118.2
Iteration 244, epsilon 0.933, ESS 183.6 elapsed mins 118.6
Iteration 245, epsilon 0.933, ESS 842.7 elapsed mins 119.1
Iteration 246, epsilon 0.933, ESS 2175.7 elapsed mins 119.6
Iteration 247, epsilon 0.933, ESS 1156.6 elapsed mins 120.1
Iteration 248, epsilon 0.927, ESS 2500.0 elapsed mins 120.6
Iteration 249, epsilon 0.927, ESS 136.7 elapsed mins 121.1
Iteration 250, epsilon 0.927, ESS 415.9 elapsed mins 121.6
Iteration 251, epsilon 0.927, ESS 1662.7 elapsed mins 122.0
Iteration 252, epsilon 0.927, ESS 2199.3 elapsed mins 122.5
Iteration 253, epsilon 0.927, ESS 1261.5 elapsed mins 123.0
Iteration 254, epsilon 0.927, ESS 223.6 elapsed mins 123.5
Iteration 255, epsilon 0.927, ESS 1871.9 elapsed mins 124.0
Iteration 256, epsilon 0.927, ESS 673.5 elapsed mins 124.5
Iteration 257, epsilon 0.927, ESS 2386.7 elapsed mins 124.9
Iteration 258, epsilon 0.927, ESS 1767.3 elapsed mins 125.4
Iteration 259, epsilon 0.927, ESS 324.6 elapsed mins 125.9
Iteration 260, epsilon 0.927, ESS 1493.3 elapsed mins 126.4
Iteration 261, epsilon 0.927, ESS 1384.2 elapsed mins 126.9
Iteration 262, epsilon 0.919, ESS 2500.0 elapsed mins 127.4
Iteration 263, epsilon 0.919, ESS 270.9 elapsed mins 127.9
Iteration 264, epsilon 0.919, ESS 1767.8 elapsed mins 128.3
Iteration 265, epsilon 0.919, ESS 1099.7 elapsed mins 128.8
Iteration 266, epsilon 0.919, ESS 1856.4 elapsed mins 129.3
Iteration 267, epsilon 0.919, ESS 1806.4 elapsed mins 129.8
Iteration 268, epsilon 0.919, ESS 1101.5 elapsed mins 130.3
nans or infs in sample or density!
Iteration 269, epsilon 0.919, ESS 461.6 elapsed mins 130.8
Iteration 270, epsilon 0.919, ESS 934.0 elapsed mins 131.3
Iteration 271, epsilon 0.919, ESS 1891.3 elapsed mins 131.7
Iteration 272, epsilon 0.919, ESS 2268.2 elapsed mins 132.2
Iteration 273, epsilon 0.919, ESS 1167.8 elapsed mins 132.7
Iteration 274, epsilon 0.919, ESS 1972.4 elapsed mins 133.2
Iteration 275, epsilon 0.919, ESS 1005.9 elapsed mins 133.7
Iteration 276, epsilon 0.919, ESS 1065.3 elapsed mins 134.2
Iteration 277, epsilon 0.919, ESS 912.0 elapsed mins 134.7
Iteration 278, epsilon 0.919, ESS 2434.0 elapsed mins 135.1
Iteration 279, epsilon 0.919, ESS 1506.7 elapsed mins 135.6
Iteration 280, epsilon 0.919, ESS 1619.6 elapsed mins 136.1
Iteration 281, epsilon 0.919, ESS 1022.3 elapsed mins 136.6
Iteration 282, epsilon 0.919, ESS 1787.0 elapsed mins 137.1
Iteration 283, epsilon 0.919, ESS 1220.1 elapsed mins 137.6
Iteration 284, epsilon 0.919, ESS 2500.0 elapsed mins 138.1
Iteration 285, epsilon 0.919, ESS 676.0 elapsed mins 138.5
Iteration 286, epsilon 0.919, ESS 2249.6 elapsed mins 139.0
Iteration 287, epsilon 0.919, ESS 1628.6 elapsed mins 139.5
Iteration 288, epsilon 0.919, ESS 1982.8 elapsed mins 140.0
Iteration 289, epsilon 0.919, ESS 424.4 elapsed mins 140.5
Iteration 290, epsilon 0.919, ESS 1466.5 elapsed mins 141.0
Iteration 291, epsilon 0.919, ESS 986.5 elapsed mins 141.5
Iteration 292, epsilon 0.919, ESS 2076.9 elapsed mins 142.0
Iteration 293, epsilon 0.919, ESS 1218.3 elapsed mins 142.4
Iteration 294, epsilon 0.919, ESS 2252.3 elapsed mins 142.9
Iteration 295, epsilon 0.919, ESS 134.9 elapsed mins 143.4
Iteration 296, epsilon 0.919, ESS 1609.5 elapsed mins 143.9
Iteration 297, epsilon 0.919, ESS 2254.6 elapsed mins 144.4
Iteration 298, epsilon 0.919, ESS 623.3 elapsed mins 144.9
Iteration 299, epsilon 0.919, ESS 2036.4 elapsed mins 145.4
Iteration 300, epsilon 0.919, ESS 989.9 elapsed mins 145.9
Elapsed time (mins) 145.9
Iteration 301, epsilon 0.911, ESS 2500.0 elapsed mins 146.4
Iteration 302, epsilon 0.911, ESS 357.5 elapsed mins 146.9
Iteration 303, epsilon 0.911, ESS 678.8 elapsed mins 147.4
Iteration 304, epsilon 0.911, ESS 1841.4 elapsed mins 147.9
Iteration 305, epsilon 0.911, ESS 1178.3 elapsed mins 148.4
Iteration 306, epsilon 0.911, ESS 2367.5 elapsed mins 148.9
nans or infs in sample or density!
Iteration 307, epsilon 0.911, ESS 225.6 elapsed mins 149.4
Iteration 308, epsilon 0.911, ESS 750.5 elapsed mins 149.9
Iteration 309, epsilon 0.911, ESS 2212.5 elapsed mins 150.4
Iteration 310, epsilon 0.911, ESS 1292.8 elapsed mins 150.9
Iteration 311, epsilon 0.911, ESS 2147.1 elapsed mins 151.4
Iteration 312, epsilon 0.911, ESS 240.1 elapsed mins 151.9
Iteration 313, epsilon 0.911, ESS 843.1 elapsed mins 152.4
Iteration 314, epsilon 0.911, ESS 2322.4 elapsed mins 152.9
Iteration 315, epsilon 0.911, ESS 1225.0 elapsed mins 153.4
Iteration 316, epsilon 0.911, ESS 2170.3 elapsed mins 153.9
Iteration 317, epsilon 0.911, ESS 1442.6 elapsed mins 154.3
Iteration 318, epsilon 0.911, ESS 1374.3 elapsed mins 154.8
Iteration 319, epsilon 0.911, ESS 2352.8 elapsed mins 155.3
Iteration 320, epsilon 0.911, ESS 928.7 elapsed mins 155.8
Iteration 321, epsilon 0.911, ESS 2342.8 elapsed mins 156.3
Iteration 322, epsilon 0.911, ESS 913.7 elapsed mins 156.8
Iteration 323, epsilon 0.911, ESS 726.9 elapsed mins 157.3
Iteration 324, epsilon 0.911, ESS 2489.0 elapsed mins 157.8
Iteration 325, epsilon 0.911, ESS 1341.1 elapsed mins 158.3
Iteration 326, epsilon 0.911, ESS 503.4 elapsed mins 158.8
Iteration 327, epsilon 0.911, ESS 2385.1 elapsed mins 159.3
Iteration 328, epsilon 0.911, ESS 226.3 elapsed mins 159.8
Iteration 329, epsilon 0.911, ESS 940.9 elapsed mins 160.3
Iteration 330, epsilon 0.911, ESS 1418.1 elapsed mins 160.8
Iteration 331, epsilon 0.911, ESS 2387.1 elapsed mins 161.3
Iteration 332, epsilon 0.905, ESS 2500.0 elapsed mins 161.8
Iteration 333, epsilon 0.905, ESS 876.8 elapsed mins 162.3
Iteration 334, epsilon 0.905, ESS 1439.1 elapsed mins 162.8
Iteration 335, epsilon 0.905, ESS 1660.9 elapsed mins 163.3
Iteration 336, epsilon 0.905, ESS 2016.3 elapsed mins 163.8
Iteration 337, epsilon 0.905, ESS 1604.7 elapsed mins 164.2
Iteration 338, epsilon 0.905, ESS 2076.6 elapsed mins 164.7
Iteration 339, epsilon 0.905, ESS 1154.4 elapsed mins 165.2
Iteration 340, epsilon 0.905, ESS 1122.2 elapsed mins 165.7
Iteration 341, epsilon 0.905, ESS 520.2 elapsed mins 166.2
Iteration 342, epsilon 0.905, ESS 1333.6 elapsed mins 166.7
Iteration 343, epsilon 0.905, ESS 2122.9 elapsed mins 167.2
Iteration 344, epsilon 0.905, ESS 1594.8 elapsed mins 167.7
Iteration 345, epsilon 0.905, ESS 1692.3 elapsed mins 168.2
Iteration 346, epsilon 0.901, ESS 2500.0 elapsed mins 168.7
Iteration 347, epsilon 0.901, ESS 1104.1 elapsed mins 169.2
Iteration 348, epsilon 0.901, ESS 1140.0 elapsed mins 169.7
Iteration 349, epsilon 0.901, ESS 1872.3 elapsed mins 170.2
Iteration 350, epsilon 0.901, ESS 1864.1 elapsed mins 170.7
Iteration 351, epsilon 0.897, ESS 2500.0 elapsed mins 171.2
Iteration 352, epsilon 0.897, ESS 512.8 elapsed mins 171.7
Iteration 353, epsilon 0.897, ESS 1350.1 elapsed mins 172.2
Iteration 354, epsilon 0.897, ESS 1840.9 elapsed mins 172.7
Iteration 355, epsilon 0.897, ESS 2214.4 elapsed mins 173.2
Iteration 356, epsilon 0.897, ESS 795.9 elapsed mins 173.6
Iteration 357, epsilon 0.897, ESS 1414.0 elapsed mins 174.1
Iteration 358, epsilon 0.897, ESS 836.4 elapsed mins 174.6
Iteration 359, epsilon 0.897, ESS 486.3 elapsed mins 175.1
Iteration 360, epsilon 0.897, ESS 2217.5 elapsed mins 175.6
Iteration 361, epsilon 0.897, ESS 1651.7 elapsed mins 176.1
Iteration 362, epsilon 0.897, ESS 722.6 elapsed mins 176.6
Iteration 363, epsilon 0.897, ESS 1778.0 elapsed mins 177.1
Iteration 364, epsilon 0.897, ESS 1616.2 elapsed mins 177.6
Iteration 365, epsilon 0.897, ESS 1368.3 elapsed mins 178.1
Iteration 366, epsilon 0.897, ESS 1255.7 elapsed mins 178.5
Iteration 367, epsilon 0.886, ESS 2500.0 elapsed mins 179.0
Iteration 368, epsilon 0.886, ESS 742.3 elapsed mins 179.5
Iteration 369, epsilon 0.886, ESS 1670.0 elapsed mins 180.0
Iteration 370, epsilon 0.886, ESS 1457.8 elapsed mins 180.5
Iteration 371, epsilon 0.886, ESS 1987.5 elapsed mins 181.0
Iteration 372, epsilon 0.886, ESS 1122.8 elapsed mins 181.5
Iteration 373, epsilon 0.886, ESS 1618.4 elapsed mins 182.0
Iteration 374, epsilon 0.886, ESS 1281.3 elapsed mins 182.4
Iteration 375, epsilon 0.886, ESS 702.1 elapsed mins 182.9
Iteration 376, epsilon 0.886, ESS 1564.6 elapsed mins 183.4
Iteration 377, epsilon 0.886, ESS 2219.6 elapsed mins 183.9
Iteration 378, epsilon 0.886, ESS 1563.6 elapsed mins 184.4
Iteration 379, epsilon 0.886, ESS 780.6 elapsed mins 184.9
Iteration 380, epsilon 0.886, ESS 857.6 elapsed mins 185.4
Iteration 381, epsilon 0.886, ESS 1101.2 elapsed mins 185.9
Iteration 382, epsilon 0.886, ESS 2163.7 elapsed mins 186.4
Iteration 383, epsilon 0.886, ESS 1547.7 elapsed mins 186.8
Iteration 384, epsilon 0.886, ESS 1628.6 elapsed mins 187.3
Iteration 385, epsilon 0.885, ESS 2500.0 elapsed mins 187.8
Iteration 386, epsilon 0.885, ESS 812.1 elapsed mins 188.3
Iteration 387, epsilon 0.885, ESS 1035.3 elapsed mins 188.8
Iteration 388, epsilon 0.885, ESS 2428.1 elapsed mins 189.3
Iteration 389, epsilon 0.885, ESS 1281.4 elapsed mins 189.8
Iteration 390, epsilon 0.885, ESS 1281.3 elapsed mins 190.3
Iteration 391, epsilon 0.879, ESS 2500.0 elapsed mins 190.7
Iteration 392, epsilon 0.879, ESS 648.0 elapsed mins 191.2
Iteration 393, epsilon 0.879, ESS 1583.9 elapsed mins 191.7
Iteration 394, epsilon 0.879, ESS 565.3 elapsed mins 192.2
Iteration 395, epsilon 0.879, ESS 2085.5 elapsed mins 192.7
Iteration 396, epsilon 0.879, ESS 485.0 elapsed mins 193.2
Iteration 397, epsilon 0.879, ESS 1007.2 elapsed mins 193.7
Iteration 398, epsilon 0.879, ESS 1798.0 elapsed mins 194.2
Iteration 399, epsilon 0.879, ESS 1149.5 elapsed mins 194.7
Iteration 400, epsilon 0.879, ESS 2341.5 elapsed mins 195.1
Elapsed time (mins) 195.1
Iteration 401, epsilon 0.879, ESS 146.3 elapsed mins 195.7
Iteration 402, epsilon 0.879, ESS 365.5 elapsed mins 196.2
Iteration 403, epsilon 0.879, ESS 2061.5 elapsed mins 196.6
Iteration 404, epsilon 0.879, ESS 1805.9 elapsed mins 197.1
Iteration 405, epsilon 0.879, ESS 280.1 elapsed mins 197.6
Iteration 406, epsilon 0.879, ESS 1680.6 elapsed mins 198.1
Iteration 407, epsilon 0.879, ESS 881.4 elapsed mins 198.6
Iteration 408, epsilon 0.879, ESS 1430.1 elapsed mins 199.1
Iteration 409, epsilon 0.879, ESS 2265.0 elapsed mins 199.6
Iteration 410, epsilon 0.879, ESS 943.5 elapsed mins 200.1
Iteration 411, epsilon 0.879, ESS 193.1 elapsed mins 200.6
Iteration 412, epsilon 0.879, ESS 1618.4 elapsed mins 201.1
Iteration 413, epsilon 0.879, ESS 1642.9 elapsed mins 201.5
Iteration 414, epsilon 0.879, ESS 2316.3 elapsed mins 202.0
Iteration 415, epsilon 0.879, ESS 1343.5 elapsed mins 202.5
Iteration 416, epsilon 0.879, ESS 1920.8 elapsed mins 203.0
Iteration 417, epsilon 0.879, ESS 2073.7 elapsed mins 203.5
Iteration 418, epsilon 0.879, ESS 1999.8 elapsed mins 204.0
Iteration 419, epsilon 0.879, ESS 921.6 elapsed mins 204.5
Iteration 420, epsilon 0.879, ESS 162.3 elapsed mins 205.0
Iteration 421, epsilon 0.879, ESS 1770.2 elapsed mins 205.5
Iteration 422, epsilon 0.879, ESS 682.3 elapsed mins 205.9
Iteration 423, epsilon 0.877, ESS 2500.0 elapsed mins 206.4
Iteration 424, epsilon 0.877, ESS 804.9 elapsed mins 206.9
Iteration 425, epsilon 0.877, ESS 1622.9 elapsed mins 207.4
Iteration 426, epsilon 0.877, ESS 1316.0 elapsed mins 207.9
Iteration 427, epsilon 0.877, ESS 1681.7 elapsed mins 208.4
Iteration 428, epsilon 0.877, ESS 1852.5 elapsed mins 208.9
Iteration 429, epsilon 0.877, ESS 1145.0 elapsed mins 209.4
Iteration 430, epsilon 0.877, ESS 2284.5 elapsed mins 209.9
Iteration 431, epsilon 0.874, ESS 2500.0 elapsed mins 210.3
Iteration 432, epsilon 0.874, ESS 1590.1 elapsed mins 210.8
Iteration 433, epsilon 0.874, ESS 1403.4 elapsed mins 211.3
Iteration 434, epsilon 0.874, ESS 1558.6 elapsed mins 211.8
Iteration 435, epsilon 0.874, ESS 1801.3 elapsed mins 212.3
Iteration 436, epsilon 0.874, ESS 2025.7 elapsed mins 212.8
Iteration 437, epsilon 0.874, ESS 224.9 elapsed mins 213.3
Iteration 438, epsilon 0.874, ESS 1373.7 elapsed mins 213.8
Iteration 439, epsilon 0.874, ESS 1479.2 elapsed mins 214.3
Iteration 440, epsilon 0.874, ESS 1904.7 elapsed mins 214.7
Iteration 441, epsilon 0.874, ESS 1752.7 elapsed mins 215.2
Iteration 442, epsilon 0.874, ESS 1844.5 elapsed mins 215.7
Iteration 443, epsilon 0.874, ESS 1602.3 elapsed mins 216.2
Iteration 444, epsilon 0.874, ESS 2005.3 elapsed mins 216.7
Iteration 445, epsilon 0.874, ESS 1482.5 elapsed mins 217.2
Iteration 446, epsilon 0.874, ESS 2114.9 elapsed mins 217.7
Iteration 447, epsilon 0.874, ESS 1714.2 elapsed mins 218.2
Iteration 448, epsilon 0.874, ESS 2384.0 elapsed mins 218.7
Iteration 449, epsilon 0.874, ESS 1126.3 elapsed mins 219.1
Iteration 450, epsilon 0.874, ESS 829.4 elapsed mins 219.6
Iteration 451, epsilon 0.867, ESS 2500.0 elapsed mins 220.1
Iteration 452, epsilon 0.867, ESS 1548.5 elapsed mins 220.6
Iteration 453, epsilon 0.867, ESS 432.6 elapsed mins 221.1
Iteration 454, epsilon 0.867, ESS 1467.4 elapsed mins 221.6
Iteration 455, epsilon 0.867, ESS 270.3 elapsed mins 222.1
Iteration 456, epsilon 0.867, ESS 1687.5 elapsed mins 222.6
Iteration 457, epsilon 0.867, ESS 2245.5 elapsed mins 223.1
Iteration 458, epsilon 0.867, ESS 450.5 elapsed mins 223.5
Iteration 459, epsilon 0.862, ESS 2500.0 elapsed mins 224.0
Iteration 460, epsilon 0.862, ESS 424.3 elapsed mins 224.5
Iteration 461, epsilon 0.862, ESS 1606.2 elapsed mins 225.0
Iteration 462, epsilon 0.862, ESS 647.0 elapsed mins 225.5
Iteration 463, epsilon 0.862, ESS 948.6 elapsed mins 226.0
Iteration 464, epsilon 0.862, ESS 1115.6 elapsed mins 226.5
Iteration 465, epsilon 0.840, ESS 2500.0 elapsed mins 227.0
Iteration 466, epsilon 0.840, ESS 238.0 elapsed mins 227.5
Iteration 467, epsilon 0.840, ESS 1014.7 elapsed mins 227.9
Iteration 468, epsilon 0.840, ESS 1917.3 elapsed mins 228.4
Iteration 469, epsilon 0.840, ESS 961.6 elapsed mins 228.9
Iteration 470, epsilon 0.840, ESS 1794.3 elapsed mins 229.4
Iteration 471, epsilon 0.840, ESS 1662.1 elapsed mins 229.9
Iteration 472, epsilon 0.840, ESS 1290.2 elapsed mins 230.4
Iteration 473, epsilon 0.840, ESS 1286.8 elapsed mins 230.9
Iteration 474, epsilon 0.840, ESS 2045.7 elapsed mins 231.4
Iteration 475, epsilon 0.840, ESS 653.9 elapsed mins 231.9
Iteration 476, epsilon 0.840, ESS 729.7 elapsed mins 232.4
Iteration 477, epsilon 0.840, ESS 2301.5 elapsed mins 232.8
Iteration 478, epsilon 0.840, ESS 764.6 elapsed mins 233.3
Iteration 479, epsilon 0.840, ESS 1436.8 elapsed mins 233.8
Iteration 480, epsilon 0.840, ESS 1939.4 elapsed mins 234.3
Iteration 481, epsilon 0.840, ESS 1621.4 elapsed mins 234.8
Iteration 482, epsilon 0.840, ESS 1238.6 elapsed mins 235.3
Iteration 483, epsilon 0.840, ESS 2154.5 elapsed mins 235.8
Iteration 484, epsilon 0.840, ESS 1659.7 elapsed mins 236.3
Iteration 485, epsilon 0.840, ESS 2091.4 elapsed mins 236.8
Iteration 486, epsilon 0.840, ESS 104.3 elapsed mins 237.2
Iteration 487, epsilon 0.840, ESS 249.9 elapsed mins 237.7
Iteration 488, epsilon 0.840, ESS 747.2 elapsed mins 238.2
Iteration 489, epsilon 0.831, ESS 2500.0 elapsed mins 238.7
Iteration 490, epsilon 0.831, ESS 1545.1 elapsed mins 239.2
Iteration 491, epsilon 0.831, ESS 1823.2 elapsed mins 239.8
Iteration 492, epsilon 0.831, ESS 928.0 elapsed mins 240.3
Iteration 493, epsilon 0.811, ESS 2500.0 elapsed mins 240.8
Iteration 494, epsilon 0.811, ESS 1387.3 elapsed mins 241.3
Iteration 495, epsilon 0.811, ESS 469.3 elapsed mins 241.8
Iteration 496, epsilon 0.811, ESS 754.9 elapsed mins 242.3
Iteration 497, epsilon 0.811, ESS 812.3 elapsed mins 242.8
Iteration 498, epsilon 0.811, ESS 917.4 elapsed mins 243.4
Iteration 499, epsilon 0.811, ESS 1238.2 elapsed mins 243.9
Iteration 500, epsilon 0.811, ESS 2423.0 elapsed mins 244.4
Elapsed time (mins) 244.4
Iteration 501, epsilon 0.811, ESS 236.0 elapsed mins 245.0
nans or infs in sample or density!
Iteration 502, epsilon 0.811, ESS 990.4 elapsed mins 245.5
Iteration 503, epsilon 0.811, ESS 529.7 elapsed mins 246.0
Iteration 504, epsilon 0.811, ESS 1571.0 elapsed mins 246.5
Iteration 505, epsilon 0.811, ESS 1631.3 elapsed mins 247.1
Iteration 506, epsilon 0.811, ESS 1151.3 elapsed mins 247.6
Iteration 507, epsilon 0.811, ESS 1282.5 elapsed mins 248.1
Iteration 508, epsilon 0.811, ESS 1560.5 elapsed mins 248.6
Iteration 509, epsilon 0.811, ESS 1356.3 elapsed mins 249.1
Iteration 510, epsilon 0.811, ESS 1676.0 elapsed mins 249.6
Iteration 511, epsilon 0.811, ESS 1282.7 elapsed mins 250.1
Iteration 512, epsilon 0.811, ESS 1622.6 elapsed mins 250.6
Iteration 513, epsilon 0.811, ESS 1802.4 elapsed mins 251.0
Iteration 514, epsilon 0.811, ESS 1850.5 elapsed mins 251.5
Iteration 515, epsilon 0.811, ESS 1754.8 elapsed mins 252.0
Iteration 516, epsilon 0.811, ESS 1849.3 elapsed mins 252.5
Iteration 517, epsilon 0.811, ESS 1236.6 elapsed mins 253.0
Iteration 518, epsilon 0.811, ESS 863.5 elapsed mins 253.5
Iteration 519, epsilon 0.809, ESS 2500.0 elapsed mins 254.0
Iteration 520, epsilon 0.809, ESS 355.1 elapsed mins 254.5
Iteration 521, epsilon 0.809, ESS 1451.5 elapsed mins 255.0
Iteration 522, epsilon 0.809, ESS 340.4 elapsed mins 255.5
Iteration 523, epsilon 0.809, ESS 2150.4 elapsed mins 256.0
Iteration 524, epsilon 0.809, ESS 1425.4 elapsed mins 256.4
Iteration 525, epsilon 0.809, ESS 1200.2 elapsed mins 256.9
Iteration 526, epsilon 0.809, ESS 2002.3 elapsed mins 257.4
Iteration 527, epsilon 0.809, ESS 1757.9 elapsed mins 257.9
Iteration 528, epsilon 0.809, ESS 1215.2 elapsed mins 258.5
Iteration 529, epsilon 0.809, ESS 1379.3 elapsed mins 259.0
Iteration 530, epsilon 0.809, ESS 2175.4 elapsed mins 259.5
Iteration 531, epsilon 0.809, ESS 755.6 elapsed mins 260.0
Iteration 532, epsilon 0.809, ESS 1466.1 elapsed mins 260.5
Iteration 533, epsilon 0.809, ESS 646.5 elapsed mins 261.0
Iteration 534, epsilon 0.805, ESS 2500.0 elapsed mins 261.5
Iteration 535, epsilon 0.805, ESS 1491.6 elapsed mins 262.0
Iteration 536, epsilon 0.805, ESS 1059.4 elapsed mins 262.5
Iteration 537, epsilon 0.805, ESS 1556.9 elapsed mins 263.0
Iteration 538, epsilon 0.805, ESS 1747.2 elapsed mins 263.5
Iteration 539, epsilon 0.805, ESS 1468.7 elapsed mins 264.0
Iteration 540, epsilon 0.805, ESS 2181.3 elapsed mins 264.5
Iteration 541, epsilon 0.805, ESS 1509.3 elapsed mins 265.0
Iteration 542, epsilon 0.805, ESS 1476.2 elapsed mins 265.5
Iteration 543, epsilon 0.805, ESS 2216.6 elapsed mins 266.0
Iteration 544, epsilon 0.805, ESS 976.7 elapsed mins 266.5
Iteration 545, epsilon 0.805, ESS 825.7 elapsed mins 267.0
Iteration 546, epsilon 0.798, ESS 2500.0 elapsed mins 267.6
Iteration 547, epsilon 0.798, ESS 948.1 elapsed mins 268.1
Iteration 548, epsilon 0.798, ESS 804.3 elapsed mins 268.6
Iteration 549, epsilon 0.762, ESS 2500.0 elapsed mins 269.1
Iteration 550, epsilon 0.762, ESS 122.0 elapsed mins 269.6
Iteration 551, epsilon 0.762, ESS 130.4 elapsed mins 270.1
Iteration 552, epsilon 0.762, ESS 400.2 elapsed mins 270.7
Iteration 553, epsilon 0.762, ESS 969.4 elapsed mins 271.2
Iteration 554, epsilon 0.762, ESS 1646.4 elapsed mins 271.7
Iteration 555, epsilon 0.762, ESS 1298.9 elapsed mins 272.2
Iteration 556, epsilon 0.762, ESS 1102.2 elapsed mins 272.7
Iteration 557, epsilon 0.762, ESS 1727.7 elapsed mins 273.2
Iteration 558, epsilon 0.762, ESS 431.2 elapsed mins 273.7
nans or infs in sample or density!
Iteration 559, epsilon 0.762, ESS 2169.5 elapsed mins 274.2
Iteration 560, epsilon 0.762, ESS 890.4 elapsed mins 274.7
Iteration 561, epsilon 0.762, ESS 1659.7 elapsed mins 275.2
Iteration 562, epsilon 0.762, ESS 847.9 elapsed mins 275.7
Iteration 563, epsilon 0.762, ESS 2066.3 elapsed mins 276.3
Iteration 564, epsilon 0.762, ESS 1936.5 elapsed mins 276.8
Iteration 565, epsilon 0.762, ESS 1007.0 elapsed mins 277.3
Iteration 566, epsilon 0.762, ESS 160.1 elapsed mins 277.8
Iteration 567, epsilon 0.762, ESS 1455.6 elapsed mins 278.4
Iteration 568, epsilon 0.762, ESS 1896.7 elapsed mins 278.9
Iteration 569, epsilon 0.762, ESS 619.2 elapsed mins 279.4
Iteration 570, epsilon 0.762, ESS 1792.0 elapsed mins 279.9
Iteration 571, epsilon 0.762, ESS 749.5 elapsed mins 280.4
Iteration 572, epsilon 0.762, ESS 1450.1 elapsed mins 280.9
Iteration 573, epsilon 0.762, ESS 2275.8 elapsed mins 281.4
Iteration 574, epsilon 0.762, ESS 321.7 elapsed mins 281.9
Iteration 575, epsilon 0.762, ESS 1327.6 elapsed mins 282.4
Iteration 576, epsilon 0.762, ESS 1618.9 elapsed mins 283.0
Iteration 577, epsilon 0.762, ESS 1403.1 elapsed mins 283.5
Iteration 578, epsilon 0.762, ESS 1306.4 elapsed mins 284.0
Iteration 579, epsilon 0.762, ESS 1091.7 elapsed mins 284.5
Iteration 580, epsilon 0.762, ESS 1326.1 elapsed mins 285.0
Iteration 581, epsilon 0.762, ESS 2184.5 elapsed mins 285.5
Iteration 582, epsilon 0.762, ESS 815.7 elapsed mins 286.0
Iteration 583, epsilon 0.762, ESS 1654.3 elapsed mins 286.5
Iteration 584, epsilon 0.740, ESS 2500.0 elapsed mins 287.1
Iteration 585, epsilon 0.740, ESS 401.6 elapsed mins 287.6
Iteration 586, epsilon 0.740, ESS 219.2 elapsed mins 288.1
Iteration 587, epsilon 0.740, ESS 1741.7 elapsed mins 288.6
Iteration 588, epsilon 0.740, ESS 1120.2 elapsed mins 289.1
Iteration 589, epsilon 0.740, ESS 1118.0 elapsed mins 289.6
Iteration 590, epsilon 0.740, ESS 2195.3 elapsed mins 290.0
Iteration 591, epsilon 0.740, ESS 1195.8 elapsed mins 290.5
Iteration 592, epsilon 0.740, ESS 1617.4 elapsed mins 291.0
Iteration 593, epsilon 0.740, ESS 889.6 elapsed mins 291.5
Iteration 594, epsilon 0.740, ESS 2009.4 elapsed mins 292.0
Iteration 595, epsilon 0.740, ESS 1081.2 elapsed mins 292.5
Iteration 596, epsilon 0.740, ESS 1452.1 elapsed mins 293.0
Iteration 597, epsilon 0.735, ESS 2500.0 elapsed mins 293.5
Iteration 598, epsilon 0.735, ESS 127.3 elapsed mins 294.0
Iteration 599, epsilon 0.735, ESS 1087.0 elapsed mins 294.4
Iteration 600, epsilon 0.735, ESS 1062.1 elapsed mins 294.9
Elapsed time (mins) 294.9
Iteration 601, epsilon 0.735, ESS 1486.7 elapsed mins 295.5
Iteration 602, epsilon 0.735, ESS 1178.0 elapsed mins 295.9
Iteration 603, epsilon 0.735, ESS 1811.7 elapsed mins 296.4
Iteration 604, epsilon 0.735, ESS 1945.2 elapsed mins 296.9
Iteration 605, epsilon 0.735, ESS 553.4 elapsed mins 297.4
Iteration 606, epsilon 0.735, ESS 1541.6 elapsed mins 297.9
Iteration 607, epsilon 0.735, ESS 649.4 elapsed mins 298.4
Iteration 608, epsilon 0.735, ESS 1871.5 elapsed mins 298.9
Iteration 609, epsilon 0.735, ESS 883.8 elapsed mins 299.4
Iteration 610, epsilon 0.735, ESS 1170.9 elapsed mins 299.8
Iteration 611, epsilon 0.735, ESS 1524.9 elapsed mins 300.3
Iteration 612, epsilon 0.735, ESS 883.5 elapsed mins 300.9
Iteration 613, epsilon 0.735, ESS 1251.6 elapsed mins 301.4
Iteration 614, epsilon 0.735, ESS 1722.4 elapsed mins 301.9
Iteration 615, epsilon 0.735, ESS 1322.8 elapsed mins 302.4
Iteration 616, epsilon 0.735, ESS 1350.3 elapsed mins 302.9
Iteration 617, epsilon 0.735, ESS 602.4 elapsed mins 303.4
Iteration 618, epsilon 0.735, ESS 1946.8 elapsed mins 303.9
Iteration 619, epsilon 0.735, ESS 2027.3 elapsed mins 304.4
Iteration 620, epsilon 0.735, ESS 1126.1 elapsed mins 304.9
Iteration 621, epsilon 0.735, ESS 1934.1 elapsed mins 305.3
Iteration 622, epsilon 0.735, ESS 129.4 elapsed mins 305.8
Iteration 623, epsilon 0.735, ESS 334.3 elapsed mins 306.3
Iteration 624, epsilon 0.735, ESS 2270.3 elapsed mins 306.8
Iteration 625, epsilon 0.735, ESS 1725.5 elapsed mins 307.3
Iteration 626, epsilon 0.735, ESS 1582.6 elapsed mins 307.8
Iteration 627, epsilon 0.735, ESS 2417.8 elapsed mins 308.3
Iteration 628, epsilon 0.735, ESS 1649.6 elapsed mins 308.8
Iteration 629, epsilon 0.735, ESS 211.9 elapsed mins 309.4
Iteration 630, epsilon 0.735, ESS 878.1 elapsed mins 309.8
Iteration 631, epsilon 0.735, ESS 2310.7 elapsed mins 310.4
Iteration 632, epsilon 0.735, ESS 1828.6 elapsed mins 310.9
Iteration 633, epsilon 0.735, ESS 1059.2 elapsed mins 311.4
Iteration 634, epsilon 0.735, ESS 1133.9 elapsed mins 311.9
Iteration 635, epsilon 0.735, ESS 2275.6 elapsed mins 312.4
Iteration 636, epsilon 0.735, ESS 828.9 elapsed mins 312.9
Iteration 637, epsilon 0.735, ESS 1679.2 elapsed mins 313.4
Iteration 638, epsilon 0.735, ESS 894.5 elapsed mins 313.8
Iteration 639, epsilon 0.735, ESS 1840.9 elapsed mins 314.3
Iteration 640, epsilon 0.735, ESS 1136.4 elapsed mins 314.8
Iteration 641, epsilon 0.735, ESS 1924.0 elapsed mins 315.3
Iteration 642, epsilon 0.735, ESS 1155.0 elapsed mins 315.8
Iteration 643, epsilon 0.716, ESS 2500.0 elapsed mins 316.3
Iteration 644, epsilon 0.716, ESS 769.3 elapsed mins 316.8
Iteration 645, epsilon 0.716, ESS 1196.1 elapsed mins 317.3
Iteration 646, epsilon 0.716, ESS 1938.3 elapsed mins 317.7
Iteration 647, epsilon 0.716, ESS 1023.5 elapsed mins 318.2
Iteration 648, epsilon 0.716, ESS 430.7 elapsed mins 318.7
Iteration 649, epsilon 0.716, ESS 2282.6 elapsed mins 319.2
Iteration 650, epsilon 0.716, ESS 835.4 elapsed mins 319.7
Iteration 651, epsilon 0.716, ESS 342.8 elapsed mins 320.2
Iteration 652, epsilon 0.716, ESS 2317.7 elapsed mins 320.7
Iteration 653, epsilon 0.716, ESS 1216.4 elapsed mins 321.2
Iteration 654, epsilon 0.716, ESS 1661.6 elapsed mins 321.7
Iteration 655, epsilon 0.716, ESS 2312.6 elapsed mins 322.2
Iteration 656, epsilon 0.716, ESS 607.7 elapsed mins 322.7
Iteration 657, epsilon 0.716, ESS 2065.5 elapsed mins 323.2
Iteration 658, epsilon 0.716, ESS 1792.9 elapsed mins 323.7
Iteration 659, epsilon 0.716, ESS 493.5 elapsed mins 324.2
Iteration 660, epsilon 0.716, ESS 2309.2 elapsed mins 324.8
Iteration 661, epsilon 0.716, ESS 211.5 elapsed mins 325.3
Iteration 662, epsilon 0.716, ESS 1268.3 elapsed mins 325.8
Iteration 663, epsilon 0.685, ESS 2500.0 elapsed mins 326.4
Iteration 664, epsilon 0.685, ESS 490.5 elapsed mins 326.9
Iteration 665, epsilon 0.685, ESS 1798.4 elapsed mins 327.4
Iteration 666, epsilon 0.685, ESS 1138.9 elapsed mins 327.9
Iteration 667, epsilon 0.685, ESS 1854.9 elapsed mins 328.4
Iteration 668, epsilon 0.685, ESS 1480.6 elapsed mins 328.9
Iteration 669, epsilon 0.670, ESS 2500.0 elapsed mins 329.4
Iteration 670, epsilon 0.670, ESS 52.6 elapsed mins 329.9
Clipping 1 weights
Iteration 671, epsilon 0.670, ESS 27.8 elapsed mins 330.3
Iteration 672, epsilon 0.670, ESS 192.3 elapsed mins 330.8
Iteration 673, epsilon 0.670, ESS 345.8 elapsed mins 331.3
Iteration 674, epsilon 0.670, ESS 386.6 elapsed mins 331.8
Iteration 675, epsilon 0.670, ESS 715.3 elapsed mins 332.3
Iteration 676, epsilon 0.670, ESS 87.7 elapsed mins 332.8
Iteration 677, epsilon 0.670, ESS 380.3 elapsed mins 333.3
Iteration 678, epsilon 0.670, ESS 857.1 elapsed mins 333.8
Iteration 679, epsilon 0.670, ESS 704.5 elapsed mins 334.2
Iteration 680, epsilon 0.670, ESS 430.9 elapsed mins 334.7
Iteration 681, epsilon 0.670, ESS 719.9 elapsed mins 335.2
Iteration 682, epsilon 0.670, ESS 1263.4 elapsed mins 335.7
Iteration 683, epsilon 0.670, ESS 1226.1 elapsed mins 336.2
Iteration 684, epsilon 0.670, ESS 739.6 elapsed mins 336.7
Iteration 685, epsilon 0.670, ESS 1894.1 elapsed mins 337.2
Iteration 686, epsilon 0.670, ESS 324.7 elapsed mins 337.7
Iteration 687, epsilon 0.670, ESS 2087.9 elapsed mins 338.1
Iteration 688, epsilon 0.670, ESS 195.9 elapsed mins 338.6
Iteration 689, epsilon 0.670, ESS 440.7 elapsed mins 339.1
Iteration 690, epsilon 0.670, ESS 1383.2 elapsed mins 339.6
Iteration 691, epsilon 0.670, ESS 1602.0 elapsed mins 340.1
Iteration 692, epsilon 0.670, ESS 932.8 elapsed mins 340.6
Iteration 693, epsilon 0.670, ESS 1120.4 elapsed mins 341.1
Iteration 694, epsilon 0.670, ESS 1817.3 elapsed mins 341.6
Iteration 695, epsilon 0.670, ESS 1582.2 elapsed mins 342.0
Iteration 696, epsilon 0.670, ESS 1073.3 elapsed mins 342.5
Iteration 697, epsilon 0.670, ESS 2209.8 elapsed mins 343.0
Iteration 698, epsilon 0.670, ESS 895.0 elapsed mins 343.5
Iteration 699, epsilon 0.670, ESS 610.1 elapsed mins 344.0
Iteration 700, epsilon 0.670, ESS 1539.5 elapsed mins 344.5
Elapsed time (mins) 344.5
Iteration 701, epsilon 0.653, ESS 2500.0 elapsed mins 345.0
Iteration 702, epsilon 0.653, ESS 485.9 elapsed mins 345.5
Iteration 703, epsilon 0.653, ESS 1369.6 elapsed mins 346.0
Iteration 704, epsilon 0.653, ESS 2200.7 elapsed mins 346.5
Iteration 705, epsilon 0.653, ESS 1259.5 elapsed mins 347.0
Iteration 706, epsilon 0.653, ESS 1134.8 elapsed mins 347.5
Iteration 707, epsilon 0.653, ESS 2355.5 elapsed mins 348.0
Iteration 708, epsilon 0.653, ESS 1775.2 elapsed mins 348.5
Iteration 709, epsilon 0.653, ESS 1142.1 elapsed mins 348.9
Iteration 710, epsilon 0.653, ESS 377.1 elapsed mins 349.4
Iteration 711, epsilon 0.653, ESS 1810.9 elapsed mins 349.9
Iteration 712, epsilon 0.653, ESS 1792.4 elapsed mins 350.4
Iteration 713, epsilon 0.653, ESS 1248.9 elapsed mins 350.9
Iteration 714, epsilon 0.653, ESS 1968.1 elapsed mins 351.4
Iteration 715, epsilon 0.653, ESS 1304.3 elapsed mins 351.9
Iteration 716, epsilon 0.653, ESS 1398.7 elapsed mins 352.4
Iteration 717, epsilon 0.653, ESS 1586.8 elapsed mins 352.9
Iteration 718, epsilon 0.618, ESS 2500.0 elapsed mins 353.4
Iteration 719, epsilon 0.618, ESS 1226.5 elapsed mins 353.9
Iteration 720, epsilon 0.618, ESS 870.8 elapsed mins 354.4
nans or infs in sample or density!
Iteration 721, epsilon 0.618, ESS 1994.2 elapsed mins 354.8
Iteration 722, epsilon 0.618, ESS 2216.5 elapsed mins 355.3
Iteration 723, epsilon 0.618, ESS 211.5 elapsed mins 355.8
Iteration 724, epsilon 0.618, ESS 2305.7 elapsed mins 356.3
Iteration 725, epsilon 0.618, ESS 409.9 elapsed mins 356.8
Iteration 726, epsilon 0.618, ESS 804.5 elapsed mins 357.3
Iteration 727, epsilon 0.618, ESS 1343.6 elapsed mins 357.8
Iteration 728, epsilon 0.618, ESS 2087.7 elapsed mins 358.3
Iteration 729, epsilon 0.586, ESS 2500.0 elapsed mins 358.8
Iteration 730, epsilon 0.586, ESS 471.7 elapsed mins 359.3
Iteration 731, epsilon 0.586, ESS 1527.2 elapsed mins 359.8
Iteration 732, epsilon 0.586, ESS 1357.2 elapsed mins 360.3
Iteration 733, epsilon 0.586, ESS 1276.9 elapsed mins 360.7
Iteration 734, epsilon 0.566, ESS 2500.0 elapsed mins 361.2
Iteration 735, epsilon 0.566, ESS 1217.6 elapsed mins 361.7
Iteration 736, epsilon 0.566, ESS 1218.5 elapsed mins 362.2
Iteration 737, epsilon 0.566, ESS 1587.7 elapsed mins 362.7
Iteration 738, epsilon 0.566, ESS 562.0 elapsed mins 363.2
Iteration 739, epsilon 0.566, ESS 2107.0 elapsed mins 363.7
Iteration 740, epsilon 0.566, ESS 108.3 elapsed mins 364.2
Iteration 741, epsilon 0.566, ESS 329.8 elapsed mins 364.7
Iteration 742, epsilon 0.566, ESS 1009.5 elapsed mins 365.2
Iteration 743, epsilon 0.566, ESS 1463.5 elapsed mins 365.7
Iteration 744, epsilon 0.566, ESS 1486.2 elapsed mins 366.1
Iteration 745, epsilon 0.556, ESS 2500.0 elapsed mins 366.6
Iteration 746, epsilon 0.556, ESS 1117.7 elapsed mins 367.1
Iteration 747, epsilon 0.556, ESS 2266.4 elapsed mins 367.6
Iteration 748, epsilon 0.556, ESS 369.9 elapsed mins 368.1
Iteration 749, epsilon 0.556, ESS 1621.2 elapsed mins 368.6
Iteration 750, epsilon 0.556, ESS 336.5 elapsed mins 369.1
Iteration 751, epsilon 0.556, ESS 349.1 elapsed mins 369.6
Iteration 752, epsilon 0.556, ESS 692.0 elapsed mins 370.1
Iteration 753, epsilon 0.469, ESS 2500.0 elapsed mins 370.6
Iteration 754, epsilon 0.469, ESS 89.5 elapsed mins 371.1
Iteration 755, epsilon 0.469, ESS 360.5 elapsed mins 371.5
Iteration 756, epsilon 0.469, ESS 1109.9 elapsed mins 372.0
nans or infs in sample or density!
Iteration 757, epsilon 0.469, ESS 1538.6 elapsed mins 372.5
Iteration 758, epsilon 0.469, ESS 1294.4 elapsed mins 373.0
Iteration 759, epsilon 0.469, ESS 1494.7 elapsed mins 373.5
Iteration 760, epsilon 0.469, ESS 679.3 elapsed mins 374.0
Iteration 761, epsilon 0.469, ESS 619.1 elapsed mins 374.5
Iteration 762, epsilon 0.427, ESS 2500.0 elapsed mins 375.0
Iteration 763, epsilon 0.427, ESS 429.9 elapsed mins 375.5
Iteration 764, epsilon 0.427, ESS 941.1 elapsed mins 376.0
Iteration 765, epsilon 0.427, ESS 107.1 elapsed mins 376.5
Iteration 766, epsilon 0.427, ESS 881.9 elapsed mins 376.9
Iteration 767, epsilon 0.427, ESS 768.8 elapsed mins 377.4
Iteration 768, epsilon 0.427, ESS 1693.4 elapsed mins 377.9
Iteration 769, epsilon 0.427, ESS 361.8 elapsed mins 378.4
Iteration 770, epsilon 0.427, ESS 1802.1 elapsed mins 378.9
Iteration 771, epsilon 0.427, ESS 1469.0 elapsed mins 379.4
Iteration 772, epsilon 0.427, ESS 2244.0 elapsed mins 379.9
Iteration 773, epsilon 0.427, ESS 181.4 elapsed mins 380.4
Iteration 774, epsilon 0.427, ESS 574.1 elapsed mins 380.9
Iteration 775, epsilon 0.427, ESS 1932.2 elapsed mins 381.4
Iteration 776, epsilon 0.427, ESS 1012.5 elapsed mins 381.9
Iteration 777, epsilon 0.427, ESS 1511.5 elapsed mins 382.4
Iteration 778, epsilon 0.427, ESS 1487.3 elapsed mins 382.9
Iteration 779, epsilon 0.427, ESS 832.4 elapsed mins 383.3
Iteration 780, epsilon 0.416, ESS 2500.0 elapsed mins 383.8
Iteration 781, epsilon 0.416, ESS 113.0 elapsed mins 384.3
Iteration 782, epsilon 0.416, ESS 279.1 elapsed mins 384.8
Iteration 783, epsilon 0.416, ESS 812.1 elapsed mins 385.3
Iteration 784, epsilon 0.416, ESS 1600.0 elapsed mins 385.8
Iteration 785, epsilon 0.416, ESS 387.0 elapsed mins 386.3
Iteration 786, epsilon 0.416, ESS 1620.0 elapsed mins 386.8
Iteration 787, epsilon 0.416, ESS 1933.1 elapsed mins 387.3
Iteration 788, epsilon 0.416, ESS 525.8 elapsed mins 387.8
Iteration 789, epsilon 0.416, ESS 2171.3 elapsed mins 388.3
Iteration 790, epsilon 0.416, ESS 1024.9 elapsed mins 388.7
Iteration 791, epsilon 0.416, ESS 1873.3 elapsed mins 389.2
Iteration 792, epsilon 0.416, ESS 1490.4 elapsed mins 389.7
Iteration 793, epsilon 0.416, ESS 1171.8 elapsed mins 390.2
Iteration 794, epsilon 0.416, ESS 870.9 elapsed mins 390.7
Iteration 795, epsilon 0.416, ESS 1440.8 elapsed mins 391.2
Iteration 796, epsilon 0.416, ESS 2465.0 elapsed mins 391.7
Iteration 797, epsilon 0.416, ESS 1037.9 elapsed mins 392.2
Iteration 798, epsilon 0.416, ESS 666.1 elapsed mins 392.7
Iteration 799, epsilon 0.416, ESS 951.8 elapsed mins 393.2
Iteration 800, epsilon 0.374, ESS 2500.0 elapsed mins 393.7
Elapsed time (mins) 393.7
Iteration 801, epsilon 0.374, ESS 1043.5 elapsed mins 394.2
Iteration 802, epsilon 0.374, ESS 880.0 elapsed mins 394.7
Iteration 803, epsilon 0.374, ESS 1973.9 elapsed mins 395.2
Iteration 804, epsilon 0.374, ESS 1094.9 elapsed mins 395.7
Iteration 805, epsilon 0.294, ESS 2500.0 elapsed mins 396.1
Iteration 806, epsilon 0.294, ESS 191.9 elapsed mins 396.6
Iteration 807, epsilon 0.294, ESS 289.8 elapsed mins 397.1
Iteration 808, epsilon 0.294, ESS 1198.3 elapsed mins 397.6
Iteration 809, epsilon 0.294, ESS 1155.7 elapsed mins 398.1
Iteration 810, epsilon 0.294, ESS 175.6 elapsed mins 398.6
Iteration 811, epsilon 0.294, ESS 1419.6 elapsed mins 399.1
Iteration 812, epsilon 0.294, ESS 756.7 elapsed mins 399.6
Iteration 813, epsilon 0.294, ESS 116.1 elapsed mins 400.1
Iteration 814, epsilon 0.294, ESS 1192.4 elapsed mins 400.6
Iteration 815, epsilon 0.294, ESS 1080.6 elapsed mins 401.1
Iteration 816, epsilon 0.294, ESS 2190.9 elapsed mins 401.5
Iteration 817, epsilon 0.294, ESS 126.4 elapsed mins 402.0
Iteration 818, epsilon 0.294, ESS 563.9 elapsed mins 402.5
Iteration 819, epsilon 0.294, ESS 1143.3 elapsed mins 403.0
Iteration 820, epsilon 0.294, ESS 828.1 elapsed mins 403.5
Iteration 821, epsilon 0.294, ESS 1608.1 elapsed mins 404.0
Iteration 822, epsilon 0.294, ESS 2350.2 elapsed mins 404.5
Iteration 823, epsilon 0.294, ESS 423.8 elapsed mins 405.0
Iteration 824, epsilon 0.294, ESS 978.3 elapsed mins 405.5
Iteration 825, epsilon 0.294, ESS 818.9 elapsed mins 406.0
Iteration 826, epsilon 0.294, ESS 1805.1 elapsed mins 406.5
Iteration 827, epsilon 0.294, ESS 1357.1 elapsed mins 406.9
Iteration 828, epsilon 0.294, ESS 1799.7 elapsed mins 407.4
Iteration 829, epsilon 0.294, ESS 493.3 elapsed mins 407.9
Iteration 830, epsilon 0.294, ESS 880.7 elapsed mins 408.4
Iteration 831, epsilon 0.294, ESS 1831.3 elapsed mins 408.9
Iteration 832, epsilon 0.294, ESS 799.2 elapsed mins 409.4
Iteration 833, epsilon 0.294, ESS 1663.2 elapsed mins 409.9
Iteration 834, epsilon 0.294, ESS 2334.2 elapsed mins 410.4
Iteration 835, epsilon 0.294, ESS 135.8 elapsed mins 410.9
Iteration 836, epsilon 0.294, ESS 397.9 elapsed mins 411.4
Iteration 837, epsilon 0.294, ESS 2050.5 elapsed mins 411.9
Iteration 838, epsilon 0.294, ESS 951.6 elapsed mins 412.3
Iteration 839, epsilon 0.294, ESS 1506.8 elapsed mins 412.8
Iteration 840, epsilon 0.294, ESS 1101.4 elapsed mins 413.3
Iteration 841, epsilon 0.294, ESS 1081.9 elapsed mins 413.8
Iteration 842, epsilon 0.294, ESS 655.4 elapsed mins 414.3
Iteration 843, epsilon 0.253, ESS 2500.0 elapsed mins 414.8
Clipping 1 weights
Iteration 844, epsilon 0.253, ESS 30.1 elapsed mins 415.3
nans or infs in sample or density!
Clipping 2 weights
Iteration 845, epsilon 0.253, ESS 25.7 elapsed mins 415.8
Iteration 846, epsilon 0.253, ESS 637.2 elapsed mins 416.3
Iteration 847, epsilon 0.253, ESS 1589.9 elapsed mins 416.8
Iteration 848, epsilon 0.253, ESS 1483.4 elapsed mins 417.3
Iteration 849, epsilon 0.253, ESS 982.2 elapsed mins 417.7
Iteration 850, epsilon 0.253, ESS 517.9 elapsed mins 418.2
Iteration 851, epsilon 0.253, ESS 1363.9 elapsed mins 418.7
Iteration 852, epsilon 0.253, ESS 1420.1 elapsed mins 419.2
Iteration 853, epsilon 0.200, ESS 2500.0 elapsed mins 419.7
Iteration 854, epsilon 0.200, ESS 773.7 elapsed mins 420.2
Iteration 855, epsilon 0.200, ESS 1134.2 elapsed mins 420.7
Iteration 856, epsilon 0.200, ESS 1205.1 elapsed mins 421.2
Iteration 857, epsilon 0.200, ESS 1520.8 elapsed mins 421.7
Iteration 858, epsilon 0.200, ESS 1255.0 elapsed mins 422.2
Iteration 859, epsilon 0.200, ESS 198.8 elapsed mins 422.6
Iteration 860, epsilon 0.200, ESS 2317.3 elapsed mins 423.1
Iteration 861, epsilon 0.200, ESS 451.6 elapsed mins 423.6
Iteration 862, epsilon 0.200, ESS 1514.0 elapsed mins 424.1
Iteration 863, epsilon 0.200, ESS 1279.7 elapsed mins 424.6
Iteration 864, epsilon 0.200, ESS 1684.4 elapsed mins 425.1
Iteration 865, epsilon 0.200, ESS 1566.6 elapsed mins 425.6
Iteration 866, epsilon 0.200, ESS 1103.4 elapsed mins 426.1
Iteration 867, epsilon 0.200, ESS 1031.7 elapsed mins 426.6
Iteration 868, epsilon 0.200, ESS 1021.7 elapsed mins 427.1
Iteration 869, epsilon 0.200, ESS 1628.3 elapsed mins 427.5
Iteration 870, epsilon 0.200, ESS 1035.2 elapsed mins 428.0
Iteration 871, epsilon 0.200, ESS 1757.0 elapsed mins 428.5
Iteration 872, epsilon 0.200, ESS 724.4 elapsed mins 429.0
Iteration 873, epsilon 0.200, ESS 2013.6 elapsed mins 429.5
Iteration 874, epsilon 0.200, ESS 593.7 elapsed mins 430.0
Iteration 875, epsilon 0.200, ESS 1969.8 elapsed mins 430.5
Iteration 876, epsilon 0.200, ESS 1561.5 elapsed mins 431.0
Iteration 877, epsilon 0.200, ESS 2204.3 elapsed mins 431.5
Iteration 878, epsilon 0.200, ESS 454.7 elapsed mins 432.0
Iteration 879, epsilon 0.200, ESS 1681.4 elapsed mins 432.4
Iteration 880, epsilon 0.200, ESS 732.5 elapsed mins 432.9
Iteration 881, epsilon 0.200, ESS 1357.6 elapsed mins 433.4
Iteration 882, epsilon 0.153, ESS 2500.0 elapsed mins 433.9
Iteration 883, epsilon 0.153, ESS 67.8 elapsed mins 434.4
Iteration 884, epsilon 0.153, ESS 445.4 elapsed mins 434.9
Iteration 885, epsilon 0.153, ESS 1882.4 elapsed mins 435.4
Iteration 886, epsilon 0.153, ESS 1350.5 elapsed mins 435.9
Iteration 887, epsilon 0.153, ESS 1229.3 elapsed mins 436.4
Iteration 888, epsilon 0.153, ESS 946.7 elapsed mins 436.9
Iteration 889, epsilon 0.153, ESS 2052.7 elapsed mins 437.4
Iteration 890, epsilon 0.153, ESS 1009.6 elapsed mins 437.8
Iteration 891, epsilon 0.153, ESS 1630.3 elapsed mins 438.3
Iteration 892, epsilon 0.153, ESS 1270.5 elapsed mins 438.8
Iteration 893, epsilon 0.153, ESS 1176.1 elapsed mins 439.3
Iteration 894, epsilon 0.000, ESS 2519.7 elapsed mins 439.8
Iteration 895, epsilon 0.000, ESS 1007.2 elapsed mins 440.3
Iteration 896, epsilon 0.000, ESS 1959.5 elapsed mins 440.8
Iteration 897, epsilon 0.000, ESS 330.3 elapsed mins 441.3
Iteration 898, epsilon 0.000, ESS 823.4 elapsed mins 441.8
Iteration 899, epsilon 0.000, ESS 2072.3 elapsed mins 442.3
Iteration 900, epsilon 0.000, ESS 361.0 elapsed mins 442.8
Elapsed time (mins) 442.8
Press enter to terminate

